<?xml version="1.0" encoding="UTF-8"?>
<testng-results skipped="0" failed="0" ignored="0" total="1" passed="1">
  <reporter-output>
  </reporter-output>
  <suite name="Suite" duration-ms="36" started-at="2021-06-21T17:17:29Z" finished-at="2021-06-21T17:17:29Z">
    <groups>
    </groups>
    <test name="Test" duration-ms="36" started-at="2021-06-21T17:17:29Z" finished-at="2021-06-21T17:17:29Z">
      <class name="qaClickAcademy.SeleniumTest">
        <test-method status="PASS" signature="Test2()[pri:0, instance:qaClickAcademy.SeleniumTest@55040f2f]" name="Test2" duration-ms="9" started-at="2021-06-21T22:47:29Z" finished-at="2021-06-21T22:47:29Z">
          <reporter-output>
          </reporter-output>
        </test-method> <!-- Test2 -->
      </class> <!-- qaClickAcademy.SeleniumTest -->
    </test> <!-- Test -->
  </suite> <!-- Suite -->
</testng-results>
