<?xml version="1.0" encoding="UTF-8"?>
<testng-results ignored="0" total="1" passed="1" failed="0" skipped="0">
  <reporter-output>
  </reporter-output>
  <suite started-at="2021-06-22T18:05:04Z" name="Suite" finished-at="2021-06-22T18:05:44Z" duration-ms="39853">
    <groups>
    </groups>
    <test started-at="2021-06-22T18:05:04Z" name="Test" finished-at="2021-06-22T18:05:44Z" duration-ms="39853">
      <class name="qaClickAcademy.HomePage">
        <test-method signature="basePageNavigation()[pri:0, instance:qaClickAcademy.HomePage@6fa34d52]" started-at="2021-06-22T23:35:04Z" name="basePageNavigation" finished-at="2021-06-22T23:35:44Z" duration-ms="39836" status="PASS">
          <reporter-output>
          </reporter-output>
        </test-method> <!-- basePageNavigation -->
      </class> <!-- qaClickAcademy.HomePage -->
    </test> <!-- Test -->
  </suite> <!-- Suite -->
</testng-results>
